<?xml version="1.0" encoding="UTF-8"?>
<!-- Generated by org.testng.reporters.JUnitReportReporter -->
<testsuite skipped="0" hostname="DINESH" name="tconp.Factorry" tests="9" failures="0" timestamp="27 Jan 2020 06:59:28 GMT" time="0.049" errors="0">
  <testcase name="test3" time="0.003" classname="tconp.Factorry"/>
  <testcase name="test1" time="0.014" classname="tconp.Factorry"/>
  <testcase name="test2" time="0.003" classname="tconp.Factorry"/>
  <testcase name="test3" time="0.003" classname="tconp.Factorry"/>
  <testcase name="test1" time="0.006" classname="tconp.Factorry"/>
  <testcase name="test1" time="0.004" classname="tconp.Factorry"/>
  <testcase name="test2" time="0.006" classname="tconp.Factorry"/>
  <testcase name="test3" time="0.006" classname="tconp.Factorry"/>
  <testcase name="test2" time="0.004" classname="tconp.Factorry"/>
</testsuite> <!-- tconp.Factorry -->
