<?xml version="1.0" encoding="UTF-8"?>
<!-- Generated by org.testng.reporters.JUnitReportReporter -->
<testsuite skipped="0" hostname="DINESH" name="tconp.Groupss" tests="3" failures="0" timestamp="28 Jan 2020 06:18:38 GMT" time="0.023" errors="0">
  <testcase name="insert" time="0.016" classname="tconp.Groupss"/>
  <testcase name="select" time="0.003" classname="tconp.Groupss"/>
  <testcase name="updates" time="0.004" classname="tconp.Groupss"/>
</testsuite> <!-- tconp.Groupss -->
